Requirement already satisfied: appnope==0.1.0 in /home/users/jmroth/.local/lib/python3.6/site-packages (from -r requirements2.txt (line 1)) (0.1.0)
Requirement already satisfied: attrs==19.3.0 in /home/users/jmroth/.local/lib/python3.6/site-packages (from -r requirements2.txt (line 2)) (19.3.0)
Requirement already satisfied: backcall==0.1.0 in /home/users/jmroth/.local/lib/python3.6/site-packages (from -r requirements2.txt (line 3)) (0.1.0)
Requirement already satisfied: bdateutil==0.1 in /home/users/jmroth/.local/lib/python3.6/site-packages (from -r requirements2.txt (line 4)) (0.1)
Requirement already satisfied: bleach==3.1.0 in /home/users/jmroth/.local/lib/python3.6/site-packages (from -r requirements2.txt (line 5)) (3.1.0)
Requirement already satisfied: bokeh==1.3.4 in /home/users/jmroth/.local/lib/python3.6/site-packages (from -r requirements2.txt (line 6)) (1.3.4)
Requirement already satisfied: certifi==2019.9.11 in /home/users/jmroth/.local/lib/python3.6/site-packages (from -r requirements2.txt (line 7)) (2019.9.11)
Requirement already satisfied: chardet==3.0.4 in /home/users/jmroth/.local/lib/python3.6/site-packages (from -r requirements2.txt (line 8)) (3.0.4)
Requirement already satisfied: Click==7.0 in /home/users/jmroth/.local/lib/python3.6/site-packages (from -r requirements2.txt (line 9)) (7.0)
Requirement already satisfied: cloudpickle==1.2.2 in /home/users/jmroth/.local/lib/python3.6/site-packages (from -r requirements2.txt (line 10)) (1.2.2)
Requirement already satisfied: colorlover==0.3.0 in /home/users/jmroth/.local/lib/python3.6/site-packages (from -r requirements2.txt (line 11)) (0.3.0)
Requirement already satisfied: cufflinks==0.16 in /home/users/jmroth/.local/lib/python3.6/site-packages (from -r requirements2.txt (line 12)) (0.16)
Requirement already satisfied: cvxpy==1.0.25 in /home/users/jmroth/.local/lib/python3.6/site-packages (from -r requirements2.txt (line 13)) (1.0.25)
Requirement already satisfied: cycler==0.10.0 in /home/users/jmroth/.local/lib/python3.6/site-packages (from -r requirements2.txt (line 14)) (0.10.0)
Requirement already satisfied: decorator==4.4.0 in /home/users/jmroth/.local/lib/python3.6/site-packages (from -r requirements2.txt (line 15)) (4.4.0)
Requirement already satisfied: defusedxml==0.6.0 in /home/users/jmroth/.local/lib/python3.6/site-packages (from -r requirements2.txt (line 16)) (0.6.0)
Requirement already satisfied: dill==0.3.1.1 in /home/users/jmroth/.local/lib/python3.6/site-packages (from -r requirements2.txt (line 17)) (0.3.1.1)
Requirement already satisfied: distributed==2.6.0 in /home/users/jmroth/.local/lib/python3.6/site-packages (from -r requirements2.txt (line 18)) (2.6.0)
Requirement already satisfied: ecos==2.0.7.post1 in /home/users/jmroth/.local/lib/python3.6/site-packages (from -r requirements2.txt (line 19)) (2.0.7.post1)
Requirement already satisfied: entrypoints==0.3 in /home/users/jmroth/.local/lib/python3.6/site-packages (from -r requirements2.txt (line 20)) (0.3)
Requirement already satisfied: fsspec==0.5.2 in /home/users/jmroth/.local/lib/python3.6/site-packages (from -r requirements2.txt (line 21)) (0.5.2)
Requirement already satisfied: future==0.18.0 in /home/users/jmroth/.local/lib/python3.6/site-packages (from -r requirements2.txt (line 22)) (0.18.0)
Requirement already satisfied: HeapDict==1.0.1 in /home/users/jmroth/.local/lib/python3.6/site-packages (from -r requirements2.txt (line 23)) (1.0.1)
Requirement already satisfied: holidays==0.9.11 in /home/users/jmroth/.local/lib/python3.6/site-packages (from -r requirements2.txt (line 24)) (0.9.11)
Requirement already satisfied: idna==2.8 in /home/users/jmroth/.local/lib/python3.6/site-packages (from -r requirements2.txt (line 25)) (2.8)
Requirement already satisfied: importlib-metadata==0.23 in /home/users/jmroth/.local/lib/python3.6/site-packages (from -r requirements2.txt (line 26)) (0.23)
Requirement already satisfied: jedi==0.15.1 in /home/users/jmroth/.local/lib/python3.6/site-packages (from -r requirements2.txt (line 27)) (0.15.1)
Requirement already satisfied: Jinja2==2.10.3 in /home/users/jmroth/.local/lib/python3.6/site-packages (from -r requirements2.txt (line 28)) (2.10.3)
Requirement already satisfied: joblib==0.14.0 in /home/users/jmroth/.local/lib/python3.6/site-packages (from -r requirements2.txt (line 29)) (0.14.0)
Requirement already satisfied: kiwisolver==1.1.0 in /home/users/jmroth/.local/lib/python3.6/site-packages (from -r requirements2.txt (line 30)) (1.1.0)
Requirement already satisfied: locket==0.2.0 in /home/users/jmroth/.local/lib/python3.6/site-packages (from -r requirements2.txt (line 31)) (0.2.0)
Requirement already satisfied: MarkupSafe==1.1.1 in /home/users/jmroth/.local/lib/python3.6/site-packages (from -r requirements2.txt (line 32)) (1.1.1)
Requirement already satisfied: mistune==0.8.4 in /home/users/jmroth/.local/lib/python3.6/site-packages (from -r requirements2.txt (line 33)) (0.8.4)
Requirement already satisfied: more-itertools==7.2.0 in /home/users/jmroth/.local/lib/python3.6/site-packages (from -r requirements2.txt (line 34)) (7.2.0)
Requirement already satisfied: msgpack==0.6.2 in /home/users/jmroth/.local/lib/python3.6/site-packages (from -r requirements2.txt (line 35)) (0.6.2)
Requirement already satisfied: multiprocess==0.70.9 in /home/users/jmroth/.local/lib/python3.6/site-packages (from -r requirements2.txt (line 36)) (0.70.9)
Requirement already satisfied: nbconvert==5.6.0 in /home/users/jmroth/.local/lib/python3.6/site-packages (from -r requirements2.txt (line 37)) (5.6.0)
Requirement already satisfied: nbformat==4.4.0 in /home/users/jmroth/.local/lib/python3.6/site-packages (from -r requirements2.txt (line 38)) (4.4.0)
Requirement already satisfied: notebook==6.0.1 in /home/users/jmroth/.local/lib/python3.6/site-packages (from -r requirements2.txt (line 39)) (6.0.1)
Requirement already satisfied: numpy==1.17.2 in /home/users/jmroth/.local/lib/python3.6/site-packages (from -r requirements2.txt (line 40)) (1.17.2)
Requirement already satisfied: osqp==0.6.1 in /home/users/jmroth/.local/lib/python3.6/site-packages (from -r requirements2.txt (line 41)) (0.6.1)
Requirement already satisfied: packaging==19.2 in /home/users/jmroth/.local/lib/python3.6/site-packages (from -r requirements2.txt (line 42)) (19.2)
Requirement already satisfied: pandas==0.25.1 in /home/users/jmroth/.local/lib/python3.6/site-packages (from -r requirements2.txt (line 43)) (0.25.1)
Requirement already satisfied: pandocfilters==1.4.2 in /home/users/jmroth/.local/lib/python3.6/site-packages (from -r requirements2.txt (line 44)) (1.4.2)
Requirement already satisfied: parso==0.5.1 in /home/users/jmroth/.local/lib/python3.6/site-packages (from -r requirements2.txt (line 45)) (0.5.1)
Requirement already satisfied: partd==1.0.0 in /home/users/jmroth/.local/lib/python3.6/site-packages (from -r requirements2.txt (line 46)) (1.0.0)
Requirement already satisfied: patsy==0.5.1 in /home/users/jmroth/.local/lib/python3.6/site-packages (from -r requirements2.txt (line 47)) (0.5.1)
Requirement already satisfied: pexpect==4.7.0 in /home/users/jmroth/.local/lib/python3.6/site-packages (from -r requirements2.txt (line 48)) (4.7.0)
Requirement already satisfied: pickleshare==0.7.5 in /home/users/jmroth/.local/lib/python3.6/site-packages (from -r requirements2.txt (line 49)) (0.7.5)
Requirement already satisfied: Pillow==6.2.1 in /home/users/jmroth/.local/lib/python3.6/site-packages (from -r requirements2.txt (line 50)) (6.2.1)
Requirement already satisfied: prometheus-client==0.7.1 in /home/users/jmroth/.local/lib/python3.6/site-packages (from -r requirements2.txt (line 51)) (0.7.1)
Requirement already satisfied: prompt-toolkit==2.0.10 in /home/users/jmroth/.local/lib/python3.6/site-packages (from -r requirements2.txt (line 52)) (2.0.10)
Requirement already satisfied: psutil==5.6.3 in /home/users/jmroth/.local/lib/python3.6/site-packages (from -r requirements2.txt (line 53)) (5.6.3)
Requirement already satisfied: ptyprocess==0.6.0 in /home/users/jmroth/.local/lib/python3.6/site-packages (from -r requirements2.txt (line 54)) (0.6.0)
Requirement already satisfied: pycausalimpact==0.0.15 in /home/users/jmroth/.local/lib/python3.6/site-packages (from -r requirements2.txt (line 55)) (0.0.15)
Requirement already satisfied: pydlm==0.1.1.11 in /home/users/jmroth/.local/lib/python3.6/site-packages (from -r requirements2.txt (line 56)) (0.1.1.11)
Requirement already satisfied: Pygments==2.4.2 in /home/users/jmroth/.local/lib/python3.6/site-packages (from -r requirements2.txt (line 57)) (2.4.2)
Requirement already satisfied: pyparsing==2.4.2 in /home/users/jmroth/.local/lib/python3.6/site-packages (from -r requirements2.txt (line 58)) (2.4.2)
Requirement already satisfied: pyrsistent==0.15.4 in /home/users/jmroth/.local/lib/python3.6/site-packages (from -r requirements2.txt (line 59)) (0.15.4)
Requirement already satisfied: pyswarm==0.6 in /home/users/jmroth/.local/lib/python3.6/site-packages (from -r requirements2.txt (line 60)) (0.6)
Requirement already satisfied: pyswarms==1.1.0 in /home/users/jmroth/.local/lib/python3.6/site-packages (from -r requirements2.txt (line 61)) (1.1.0)
Requirement already satisfied: python-dateutil==2.8.0 in /home/users/jmroth/.local/lib/python3.6/site-packages (from -r requirements2.txt (line 62)) (2.8.0)
Requirement already satisfied: pytz==2019.3 in /home/users/jmroth/.local/lib/python3.6/site-packages (from -r requirements2.txt (line 63)) (2019.3)
Requirement already satisfied: PyYAML==5.1.2 in /home/users/jmroth/.local/lib/python3.6/site-packages (from -r requirements2.txt (line 64)) (5.1.2)
Requirement already satisfied: pyzmq==18.1.0 in /home/users/jmroth/.local/lib/python3.6/site-packages (from -r requirements2.txt (line 65)) (18.1.0)
Requirement already satisfied: requests==2.22.0 in /home/users/jmroth/.local/lib/python3.6/site-packages (from -r requirements2.txt (line 66)) (2.22.0)
Requirement already satisfied: retrying==1.3.3 in /home/users/jmroth/.local/lib/python3.6/site-packages (from -r requirements2.txt (line 67)) (1.3.3)
Requirement already satisfied: scikit-learn==0.21.3 in /home/users/jmroth/.local/lib/python3.6/site-packages (from -r requirements2.txt (line 68)) (0.21.3)
Requirement already satisfied: scipy==1.3.1 in /home/users/jmroth/.local/lib/python3.6/site-packages (from -r requirements2.txt (line 69)) (1.3.1)
Requirement already satisfied: scs==2.1.1.post2 in /home/users/jmroth/.local/lib/python3.6/site-packages (from -r requirements2.txt (line 70)) (2.1.1.post2)
Requirement already satisfied: Send2Trash==1.5.0 in /home/users/jmroth/.local/lib/python3.6/site-packages (from -r requirements2.txt (line 71)) (1.5.0)
Requirement already satisfied: six==1.12.0 in /home/users/jmroth/.local/lib/python3.6/site-packages (from -r requirements2.txt (line 72)) (1.12.0)
Requirement already satisfied: sortedcontainers==2.1.0 in /home/users/jmroth/.local/lib/python3.6/site-packages (from -r requirements2.txt (line 73)) (2.1.0)
Requirement already satisfied: statsmodels==0.10.1 in /home/users/jmroth/.local/lib/python3.6/site-packages (from -r requirements2.txt (line 74)) (0.10.1)
Requirement already satisfied: tblib==1.4.0 in /home/users/jmroth/.local/lib/python3.6/site-packages (from -r requirements2.txt (line 75)) (1.4.0)
Requirement already satisfied: terminado==0.8.2 in /home/users/jmroth/.local/lib/python3.6/site-packages (from -r requirements2.txt (line 76)) (0.8.2)
Requirement already satisfied: testpath==0.4.2 in /home/users/jmroth/.local/lib/python3.6/site-packages (from -r requirements2.txt (line 77)) (0.4.2)
Requirement already satisfied: toolz==0.10.0 in /home/users/jmroth/.local/lib/python3.6/site-packages (from -r requirements2.txt (line 78)) (0.10.0)
Requirement already satisfied: tornado==6.0.3 in /home/users/jmroth/.local/lib/python3.6/site-packages (from -r requirements2.txt (line 79)) (6.0.3)
Requirement already satisfied: tqdm==4.36.1 in /home/users/jmroth/.local/lib/python3.6/site-packages (from -r requirements2.txt (line 80)) (4.36.1)
Requirement already satisfied: traitlets==4.3.3 in /home/users/jmroth/.local/lib/python3.6/site-packages (from -r requirements2.txt (line 81)) (4.3.3)
Requirement already satisfied: urllib3==1.25.6 in /home/users/jmroth/.local/lib/python3.6/site-packages (from -r requirements2.txt (line 82)) (1.25.6)
Requirement already satisfied: wcwidth==0.1.7 in /home/users/jmroth/.local/lib/python3.6/site-packages (from -r requirements2.txt (line 83)) (0.1.7)
Requirement already satisfied: webencodings==0.5.1 in /home/users/jmroth/.local/lib/python3.6/site-packages (from -r requirements2.txt (line 84)) (0.5.1)
Requirement already satisfied: widgetsnbextension==3.5.1 in /home/users/jmroth/.local/lib/python3.6/site-packages (from -r requirements2.txt (line 85)) (3.5.1)
Requirement already satisfied: zict==1.0.0 in /home/users/jmroth/.local/lib/python3.6/site-packages (from -r requirements2.txt (line 86)) (1.0.0)
Requirement already satisfied: zipp==0.6.0 in /home/users/jmroth/.local/lib/python3.6/site-packages (from -r requirements2.txt (line 87)) (0.6.0)
Requirement already satisfied: ipython>=5.3.0 in /home/users/jmroth/.local/lib/python3.6/site-packages (from cufflinks==0.16->-r requirements2.txt (line 12)) (7.9.0)
Requirement already satisfied: setuptools>=34.4.1 in /share/software/user/open/python/3.6.1/lib/python3.6/site-packages (from cufflinks==0.16->-r requirements2.txt (line 12)) (39.2.0)
Requirement already satisfied: plotly<4.0.0a0,>=3.0.0 in /home/users/jmroth/.local/lib/python3.6/site-packages (from cufflinks==0.16->-r requirements2.txt (line 12)) (3.10.0)
Requirement already satisfied: ipywidgets>=7.0.0 in /home/users/jmroth/.local/lib/python3.6/site-packages (from cufflinks==0.16->-r requirements2.txt (line 12)) (7.5.1)
Requirement already satisfied: dask>=2.5.2 in /home/users/jmroth/.local/lib/python3.6/site-packages (from distributed==2.6.0->-r requirements2.txt (line 18)) (2.7.0)
Requirement already satisfied: jupyter-core in /home/users/jmroth/.local/lib/python3.6/site-packages (from nbconvert==5.6.0->-r requirements2.txt (line 37)) (4.6.1)
Requirement already satisfied: jsonschema!=2.5.0,>=2.4 in /home/users/jmroth/.local/lib/python3.6/site-packages (from nbformat==4.4.0->-r requirements2.txt (line 38)) (3.1.1)
Requirement already satisfied: ipython-genutils in /home/users/jmroth/.local/lib/python3.6/site-packages (from nbformat==4.4.0->-r requirements2.txt (line 38)) (0.2.0)
Requirement already satisfied: jupyter-client>=5.3.1 in /home/users/jmroth/.local/lib/python3.6/site-packages (from notebook==6.0.1->-r requirements2.txt (line 39)) (5.3.4)
Requirement already satisfied: ipykernel in /home/users/jmroth/.local/lib/python3.6/site-packages (from notebook==6.0.1->-r requirements2.txt (line 39)) (5.1.3)
Requirement already satisfied: matplotlib>=2.2.3 in /home/users/jmroth/.local/lib/python3.6/site-packages (from pycausalimpact==0.0.15->-r requirements2.txt (line 55)) (3.1.1)
WARNING: You are using pip version 19.2.3, however version 19.3.1 is available.
You should consider upgrading via the 'pip install --upgrade pip' command.
Traceback (most recent call last):
  File "ubem_simulation_pso.py", line 26, in <module>
    import seaborn as sns
ModuleNotFoundError: No module named 'seaborn'
